16:34:32:813  INFO 29620 --- [SpringApplicationShutdownHook] com.zaxxer.hikari.HikariDataSource       : HikariPool-1 - Shutdown initiated...
16:34:32:836  INFO 29620 --- [SpringApplicationShutdownHook] com.zaxxer.hikari.HikariDataSource       : HikariPool-1 - Shutdown completed.
19:28:45:905  INFO 29000 --- [main] com.hmall.cart.CartApplication           : Starting CartApplication using Java 17.0.12 on LAPTOP-SF5UT50N with PID 29000 (D:\wxl\coffee\code\JavaWeb_project\hmall\cart-service\target\classes started by wxl in D:\wxl\coffee\code\JavaWeb_project\hmall)
19:28:45:906 DEBUG 29000 --- [main] com.hmall.cart.CartApplication           : Running with Spring Boot v2.7.12, Spring v5.3.27
19:28:45:907  INFO 29000 --- [main] com.hmall.cart.CartApplication           : The following 1 profile is active: "local"
19:28:46:324  INFO 29000 --- [main] o.s.cloud.context.scope.GenericScope     : BeanFactory id=b268b9dd-c5e7-3f68-9fcb-e4b3836978d0
19:28:46:492  INFO 29000 --- [main] o.s.b.w.embedded.tomcat.TomcatWebServer  : Tomcat initialized with port(s): 8082 (http)
19:28:46:497  INFO 29000 --- [main] o.apache.catalina.core.StandardService   : Starting service [Tomcat]
19:28:46:498  INFO 29000 --- [main] org.apache.catalina.core.StandardEngine  : Starting Servlet engine: [Apache Tomcat/9.0.75]
19:28:46:563  INFO 29000 --- [main] o.a.c.c.C.[Tomcat].[localhost].[/]       : Initializing Spring embedded WebApplicationContext
19:28:46:563  INFO 29000 --- [main] w.s.c.ServletWebServerApplicationContext : Root WebApplicationContext: initialization completed in 634 ms
19:28:47:131  INFO 29000 --- [main] pertySourcedRequestMappingHandlerMapping : Mapped URL path [/v2/api-docs] onto method [springfox.documentation.swagger2.web.Swagger2ControllerWebMvc#getDocumentation(String, HttpServletRequest)]
19:28:47:208  INFO 29000 --- [main] com.alibaba.nacos.common.remote.client   : [RpcClientFactory] create a new rpc client of 6e50cd39-342a-4f8c-86d1-2cc0e8ce38fd
19:28:47:233  INFO 29000 --- [main] org.reflections.Reflections              : Reflections took 11 ms to scan 1 urls, producing 3 keys and 6 values 
19:28:47:245  INFO 29000 --- [main] org.reflections.Reflections              : Reflections took 6 ms to scan 1 urls, producing 4 keys and 9 values 
19:28:47:254  INFO 29000 --- [main] org.reflections.Reflections              : Reflections took 6 ms to scan 1 urls, producing 3 keys and 10 values 
19:28:47:255  WARN 29000 --- [main] org.reflections.Reflections              : given scan urls are empty. set urls in the configuration
19:28:47:259  INFO 29000 --- [main] org.reflections.Reflections              : Reflections took 4 ms to scan 1 urls, producing 1 keys and 5 values 
19:28:47:263  INFO 29000 --- [main] org.reflections.Reflections              : Reflections took 4 ms to scan 1 urls, producing 1 keys and 7 values 
19:28:47:268  INFO 29000 --- [main] org.reflections.Reflections              : Reflections took 4 ms to scan 1 urls, producing 2 keys and 8 values 
19:28:47:269  WARN 29000 --- [main] org.reflections.Reflections              : given scan urls are empty. set urls in the configuration
19:28:47:269  INFO 29000 --- [main] com.alibaba.nacos.common.remote.client   : [6e50cd39-342a-4f8c-86d1-2cc0e8ce38fd] RpcClient init label, labels = {module=naming, source=sdk}
19:28:47:270  INFO 29000 --- [main] com.alibaba.nacos.common.remote.client   : [6e50cd39-342a-4f8c-86d1-2cc0e8ce38fd] RpcClient init, ServerListFactory = com.alibaba.nacos.client.naming.core.ServerListManager
19:28:47:270  INFO 29000 --- [main] com.alibaba.nacos.common.remote.client   : [6e50cd39-342a-4f8c-86d1-2cc0e8ce38fd] Registry connection listener to current client:com.alibaba.nacos.client.naming.remote.gprc.redo.NamingGrpcRedoService
19:28:47:270  INFO 29000 --- [main] com.alibaba.nacos.common.remote.client   : [6e50cd39-342a-4f8c-86d1-2cc0e8ce38fd] Register server push request handler:com.alibaba.nacos.client.naming.remote.gprc.NamingPushRequestHandler
19:28:47:271  INFO 29000 --- [main] com.alibaba.nacos.common.remote.client   : [6e50cd39-342a-4f8c-86d1-2cc0e8ce38fd] Try to connect to server on start up, server: {serverIp = '192.168.73.128', server main port = 8848}
19:28:47:833  INFO 29000 --- [main] com.alibaba.nacos.common.remote.client   : [6e50cd39-342a-4f8c-86d1-2cc0e8ce38fd] Success to connect to server [192.168.73.128:8848] on start up, connectionId = 1742210928642_192.168.73.1_47548
19:28:47:833  INFO 29000 --- [com.alibaba.nacos.client.remote.worker] com.alibaba.nacos.common.remote.client   : [6e50cd39-342a-4f8c-86d1-2cc0e8ce38fd] Notify connected event to listeners.
19:28:47:834  INFO 29000 --- [main] com.alibaba.nacos.common.remote.client   : [6e50cd39-342a-4f8c-86d1-2cc0e8ce38fd] Register server push request handler:com.alibaba.nacos.common.remote.client.RpcClient$ConnectResetRequestHandler
19:28:47:834  INFO 29000 --- [main] com.alibaba.nacos.common.remote.client   : [6e50cd39-342a-4f8c-86d1-2cc0e8ce38fd] Register server push request handler:com.alibaba.nacos.common.remote.client.RpcClient$$Lambda$914/0x00000274607358e0
19:28:47:867  INFO 29000 --- [main] o.s.b.w.embedded.tomcat.TomcatWebServer  : Tomcat started on port(s): 8082 (http) with context path ''
19:28:47:959  INFO 29000 --- [main] c.a.c.n.registry.NacosServiceRegistry    : nacos registry, DEFAULT_GROUP cart-service 192.168.138.1:8082 register finished
19:28:47:960  INFO 29000 --- [main] d.s.w.p.DocumentationPluginsBootstrapper : Documentation plugins bootstrapped
19:28:47:961  INFO 29000 --- [main] d.s.w.p.DocumentationPluginsBootstrapper : Found 1 custom documentation plugin(s)
19:28:47:974  INFO 29000 --- [main] s.d.s.w.s.ApiListingReferenceScanner     : Scanning for api listing references
19:28:48:022  INFO 29000 --- [main] com.hmall.cart.CartApplication           : Started CartApplication in 2.488 seconds (JVM running for 2.776)
19:28:48:393  INFO 29000 --- [nacos-grpc-client-executor-9] com.alibaba.nacos.common.remote.client   : [6e50cd39-342a-4f8c-86d1-2cc0e8ce38fd] Receive server push request, request = NotifySubscriberRequest, requestId = 3
19:28:48:395  INFO 29000 --- [nacos-grpc-client-executor-9] com.alibaba.nacos.common.remote.client   : [6e50cd39-342a-4f8c-86d1-2cc0e8ce38fd] Ack server push request, request = NotifySubscriberRequest, requestId = 3
19:29:11:117  INFO 29000 --- [http-nio-8082-exec-1] o.a.c.c.C.[Tomcat].[localhost].[/]       : Initializing Spring DispatcherServlet 'dispatcherServlet'
19:29:11:117  INFO 29000 --- [http-nio-8082-exec-1] o.s.web.servlet.DispatcherServlet        : Initializing Servlet 'dispatcherServlet'
19:29:11:118  INFO 29000 --- [http-nio-8082-exec-1] o.s.web.servlet.DispatcherServlet        : Completed initialization in 1 ms
19:29:57:860  INFO 29000 --- [http-nio-8082-exec-5] com.zaxxer.hikari.HikariDataSource       : HikariPool-1 - Starting...
19:29:58:026  INFO 29000 --- [http-nio-8082-exec-5] com.zaxxer.hikari.HikariDataSource       : HikariPool-1 - Start completed.
19:29:58:031 DEBUG 29000 --- [http-nio-8082-exec-5] c.h.cart.mapper.CartMapper.selectList    : ==>  Preparing: SELECT id,user_id,item_id,num,name,spec,price,image,create_time,update_time FROM cart WHERE (user_id = ?)
19:29:58:046 DEBUG 29000 --- [http-nio-8082-exec-5] c.h.cart.mapper.CartMapper.selectList    : ==> Parameters: 1(Long)
19:29:58:066 DEBUG 29000 --- [http-nio-8082-exec-5] c.h.cart.mapper.CartMapper.selectList    : <==      Total: 1
19:29:58:692  INFO 29000 --- [nacos-grpc-client-executor-26] com.alibaba.nacos.common.remote.client   : [6e50cd39-342a-4f8c-86d1-2cc0e8ce38fd] Receive server push request, request = NotifySubscriberRequest, requestId = 4
19:29:58:693  INFO 29000 --- [nacos-grpc-client-executor-26] com.alibaba.nacos.common.remote.client   : [6e50cd39-342a-4f8c-86d1-2cc0e8ce38fd] Ack server push request, request = NotifySubscriberRequest, requestId = 4
19:31:29:539  WARN 29000 --- [Thread-7] c.a.n.common.http.HttpClientBeanHolder   : [HttpClientBeanHolder] Start destroying common HttpClient
19:31:29:540  WARN 29000 --- [Thread-4] c.a.nacos.common.notify.NotifyCenter     : [NotifyCenter] Start destroying Publisher
19:31:29:540  WARN 29000 --- [Thread-7] c.a.n.common.http.HttpClientBeanHolder   : [HttpClientBeanHolder] Destruction of the end
19:31:29:540  WARN 29000 --- [Thread-4] c.a.nacos.common.notify.NotifyCenter     : [NotifyCenter] Destruction of the end
19:31:29:567  INFO 29000 --- [SpringApplicationShutdownHook] c.a.c.n.registry.NacosServiceRegistry    : De-registering from Nacos Server now...
19:31:29:571  INFO 29000 --- [SpringApplicationShutdownHook] c.a.c.n.registry.NacosServiceRegistry    : De-registration finished.
19:31:29:895  INFO 29000 --- [SpringApplicationShutdownHook] com.alibaba.nacos.common.remote.client   : Shutdown rpc client, set status to shutdown
19:31:29:895  INFO 29000 --- [SpringApplicationShutdownHook] com.alibaba.nacos.common.remote.client   : Shutdown client event executor java.util.concurrent.ScheduledThreadPoolExecutor@4f496f00[Running, pool size = 2, active threads = 2, queued tasks = 0, completed tasks = 0]
19:31:29:895  INFO 29000 --- [SpringApplicationShutdownHook] com.alibaba.nacos.common.remote.client   : Close current connection 1742210928642_192.168.73.1_47548
19:31:29:897  INFO 29000 --- [SpringApplicationShutdownHook] c.a.n.c.remote.client.grpc.GrpcClient    : Shutdown grpc executor java.util.concurrent.ThreadPoolExecutor@631a1741[Running, pool size = 4, active threads = 0, queued tasks = 0, completed tasks = 47]
19:31:29:898  INFO 29000 --- [nacos-grpc-client-executor-47] c.a.n.c.remote.client.grpc.GrpcClient    : [1742210928642_192.168.73.1_47548]Ignore complete event,isRunning:false,isAbandon=false
19:31:29:900  INFO 29000 --- [SpringApplicationShutdownHook] com.zaxxer.hikari.HikariDataSource       : HikariPool-1 - Shutdown initiated...
19:31:29:917  INFO 29000 --- [SpringApplicationShutdownHook] com.zaxxer.hikari.HikariDataSource       : HikariPool-1 - Shutdown completed.
